=============================================
>lcl|NC_000022.11_cds_NP_001005239.2_1 [gene=OR11H1] [db_xref=CCDS:CCDS74807.1,GeneID:81061] [protein=olfactory receptor 11H1] [protein_id=NP_001005239.2] [location=15528192..15529139] [gbkey=CDS]
0
060780f8cfedc77ffbd5d05e9a7a8faa
1 ::: 70
2 ::: 140
3 ::: 210
4 ::: 280
5 ::: 350
6 ::: 420
7 ::: 490
8 ::: 560
9 ::: 630
10 ::: 700
11 ::: 770
12 ::: 840
13 ::: 910
14 ::: 948
15
6c26ff0681aedbc90cec875c5a7b52bc
>lcl|NC_000022.11_cds_NP_001129685.1_2 [gene=POTEH] [db_xref=CCDS:CCDS74808.1,Ensembl:ENSP00000340610.6,GeneID:23784] [protein=POTE ankyrin domain family member H] [protein_id=NP_001129685.1] [location=join(15690078..15690709,15695371..15695485,15695645..15695818,15698662..15698768,15700078..15700215,15702686..15702756,15708020..15708090,15709782..15709826,15710868..15711034,15719660..15719777)] [gbkey=CDS]
15
ed479074e61ea03ca13d8cf174dfa082
16 ::: 70
17 ::: 140
18 ::: 210
19 ::: 280
20 ::: 350
21 ::: 420
22 ::: 490
23 ::: 560
24 ::: 630
25 ::: 700
26 ::: 770
27 ::: 840
28 ::: 910
29 ::: 980
30 ::: 1050
31 ::: 1120
32 ::: 1190
33 ::: 1260
34 ::: 1330
35 ::: 1400
36 ::: 1470
37 ::: 1540
38 ::: 1610
39 ::: 1638
40
9a9e1ba8321ec1fffd54ed0aeed86dcb
>lcl|NC_000022.11_cds_NP_055221.1_3 [gene=CCT8L2] [db_xref=CCDS:CCDS13738.1,Ensembl:ENSP00000353048.3,GeneID:150160] [protein=T-complex protein 1 subunit theta-like 2] [protein_id=NP_055221.1] [location=complement(16590877..16592550)] [gbkey=CDS]
40
86f265da338eb76d755a13dcae5172ea
41 ::: 70
42 ::: 140
43 ::: 210
44 ::: 280
45 ::: 350
46 ::: 420
47 ::: 490
48 ::: 560
49 ::: 630
50 ::: 700
51 ::: 770
52 ::: 840
53 ::: 910
54 ::: 980
55 ::: 1050
56 ::: 1120
57 ::: 1190
58 ::: 1260
59 ::: 1330
60 ::: 1400
61 ::: 1470
62 ::: 1540
63 ::: 1610
64 ::: 1674
65
81b8b3cae1698071a78de17be3643b7c
>lcl|NC_000022.11_cds_NP_787074.2_4 [gene=XKR3] [db_xref=CCDS:CCDS42975.1,GeneID:150165] [protein=XK-related protein 3] [protein_id=NP_787074.2] [location=complement(join(16783619..16784409,16799771..16800024,16807739..16808073))] [gbkey=CDS]
65
e7fc385b961b19b635a62e4618cf9e4a
66 ::: 70
67 ::: 140
68 ::: 210
69 ::: 280
70 ::: 350
71 ::: 420
72 ::: 490
73 ::: 560
74 ::: 630
75 ::: 700
76 ::: 770
77 ::: 840
78 ::: 910
79 ::: 980
80 ::: 1050
81 ::: 1120
82 ::: 1190
83 ::: 1260
84 ::: 1330
85 ::: 1380
86
0c8b34adea153f9115490934471be1fc
>lcl|NC_000022.11_cds_NP_001373884.1_5 [gene=XKR3] [db_xref=Ensembl:ENSP00000507478.1,GeneID:150165] [protein=XK-related protein 3] [protein_id=NP_001373884.1] [location=complement(join(16783619..16784409,16799771..16800024,16807739..16808073))] [gbkey=CDS]
86
225932ee5259711699e812753bddc134
87 ::: 70
88 ::: 140
89 ::: 210
90 ::: 280
91 ::: 350
92 ::: 420
93 ::: 490
94 ::: 560
95 ::: 630
96 ::: 700
97 ::: 770
98 ::: 840
99 ::: 910
100
7605870a75a1ab204c2d57a3db8acca9
>lcl|NC_000022.11_cds_NP_787074.2_4 [gene=XKR3] [db_xref=CCDS:CCDS42975.1,GeneID:150165] [protein=XK-related protein 3] [protein_id=NP_787074.2] [location=complement(join(16783619..16784409,16799771..16800024,16807739..16808073))] [gbkey=CDS]
100
e7fc385b961b19b635a62e4618cf9e4a
101 ::: 70
102 ::: 140
103 ::: 210
104 ::: 280
105 ::: 350
106 ::: 420
107 ::: 490
108 ::: 560
109 ::: 630
110 ::: 700
111 ::: 770
112 ::: 840
113 ::: 910
114 ::: 980
115 ::: 1050
116 ::: 1120
117 ::: 1190
118 ::: 1260
119 ::: 1330
120 ::: 1380
121
0c8b34adea153f9115490934471be1fc
>lcl|NC_000022.11_cds_NP_001005239.2_1 [gene=OR11H1] [db_xref=CCDS:CCDS74807.1,GeneID:81061] [protein=olfactory receptor 11H1] [protein_id=NP_001005239.2] [location=15528192..15529139] [gbkey=CDS]
121
060780f8cfedc77ffbd5d05e9a7a8faa
122 ::: 70
123 ::: 140
124 ::: 210
125 ::: 280
126 ::: 350
127 ::: 420
128 ::: 490
129 ::: 560
130 ::: 630
131 ::: 700
132 ::: 770
133 ::: 840
134 ::: 910
135 ::: 948
136
6c26ff0681aedbc90cec875c5a7b52bc
>lcl|NC_000022.11_cds_NP_001129685.1_2 [gene=POTEH] [db_xref=CCDS:CCDS74808.1,Ensembl:ENSP00000340610.6,GeneID:23784] [protein=POTE ankyrin domain family member H] [protein_id=NP_001129685.1] [location=join(15690078..15690709,15695371..15695485,15695645..15695818,15698662..15698768,15700078..15700215,15702686..15702756,15708020..15708090,15709782..15709826,15710868..15711034,15719660..15719777)] [gbkey=CDS]
136
ed479074e61ea03ca13d8cf174dfa082
137 ::: 70
138 ::: 140
139 ::: 210
140 ::: 280
141 ::: 350
142 ::: 420
143 ::: 490
144 ::: 560
145 ::: 630
146 ::: 700
147 ::: 770
148 ::: 840
149 ::: 910
150 ::: 980
151 ::: 1050
152 ::: 1120
153 ::: 1190
154 ::: 1260
155 ::: 1330
156 ::: 1400
157 ::: 1470
158 ::: 1540
159 ::: 1610
160 ::: 1638
160
9a9e1ba8321ec1fffd54ed0aeed86dcb
